<?xml version="1.0" encoding="UTF-8"?>
<testsuite xmlns:xsi="http://www.w3.org/2001/XMLSchema-instance" xsi:noNamespaceSchemaLocation="https://maven.apache.org/surefire/maven-surefire-plugin/xsd/surefire-test-report-3.0.xsd" version="3.0" name="opiskelijaTest" time="0.07" tests="3" errors="0" skipped="0" failures="0">
  <properties>
    <property name="java.specification.version" value="15"/>
    <property name="sun.jnu.encoding" value="UTF-8"/>
    <property name="java.class.path" value="/Users/ronikoskinen/environments/projekti/target/test-classes:/Users/ronikoskinen/environments/projekti/target/classes:/Users/ronikoskinen/.m2/repository/org/junit/jupiter/junit-jupiter-api/5.7.1/junit-jupiter-api-5.7.1.jar:/Users/ronikoskinen/.m2/repository/org/apiguardian/apiguardian-api/1.1.0/apiguardian-api-1.1.0.jar:/Users/ronikoskinen/.m2/repository/org/opentest4j/opentest4j/1.2.0/opentest4j-1.2.0.jar:/Users/ronikoskinen/.m2/repository/org/junit/jupiter/junit-jupiter-engine/5.7.1/junit-jupiter-engine-5.7.1.jar:/Users/ronikoskinen/.m2/repository/org/junit/platform/junit-platform-engine/1.7.1/junit-platform-engine-1.7.1.jar:/Users/ronikoskinen/.m2/repository/org/junit/jupiter/junit-jupiter-params/5.7.1/junit-jupiter-params-5.7.1.jar:/Users/ronikoskinen/.m2/repository/org/junit/platform/junit-platform-commons/1.7.1/junit-platform-commons-1.7.1.jar:/Users/ronikoskinen/.m2/repository/net/jqwik/jqwik/1.5.0/jqwik-1.5.0.jar:/Users/ronikoskinen/.m2/repository/net/jqwik/jqwik-api/1.5.0/jqwik-api-1.5.0.jar:/Users/ronikoskinen/.m2/repository/net/jqwik/jqwik-web/1.5.0/jqwik-web-1.5.0.jar:/Users/ronikoskinen/.m2/repository/net/jqwik/jqwik-time/1.5.0/jqwik-time-1.5.0.jar:/Users/ronikoskinen/.m2/repository/net/jqwik/jqwik-engine/1.5.0/jqwik-engine-1.5.0.jar:"/>
    <property name="java.vm.vendor" value="Oracle Corporation"/>
    <property name="sun.arch.data.model" value="64"/>
    <property name="java.vendor.url" value="https://openjdk.java.net/"/>
    <property name="os.name" value="Mac OS X"/>
    <property name="java.vm.specification.version" value="15"/>
    <property name="sun.java.launcher" value="SUN_STANDARD"/>
    <property name="user.country" value="FI"/>
    <property name="sun.boot.library.path" value="/usr/local/Cellar/openjdk/15.0.2/libexec/openjdk.jdk/Contents/Home/lib"/>
    <property name="sun.java.command" value="/Users/ronikoskinen/environments/projekti/target/surefire/surefirebooter12135204184350344659.jar /Users/ronikoskinen/environments/projekti/target/surefire 2021-04-22T11-58-40_015-jvmRun1 surefire4051660539660762404tmp surefire_03842679344988442065tmp"/>
    <property name="http.nonProxyHosts" value="local|*.local|169.254/16|*.169.254/16"/>
    <property name="jdk.debug" value="release"/>
    <property name="surefire.test.class.path" value="/Users/ronikoskinen/environments/projekti/target/test-classes:/Users/ronikoskinen/environments/projekti/target/classes:/Users/ronikoskinen/.m2/repository/org/junit/jupiter/junit-jupiter-api/5.7.1/junit-jupiter-api-5.7.1.jar:/Users/ronikoskinen/.m2/repository/org/apiguardian/apiguardian-api/1.1.0/apiguardian-api-1.1.0.jar:/Users/ronikoskinen/.m2/repository/org/opentest4j/opentest4j/1.2.0/opentest4j-1.2.0.jar:/Users/ronikoskinen/.m2/repository/org/junit/jupiter/junit-jupiter-engine/5.7.1/junit-jupiter-engine-5.7.1.jar:/Users/ronikoskinen/.m2/repository/org/junit/platform/junit-platform-engine/1.7.1/junit-platform-engine-1.7.1.jar:/Users/ronikoskinen/.m2/repository/org/junit/jupiter/junit-jupiter-params/5.7.1/junit-jupiter-params-5.7.1.jar:/Users/ronikoskinen/.m2/repository/org/junit/platform/junit-platform-commons/1.7.1/junit-platform-commons-1.7.1.jar:/Users/ronikoskinen/.m2/repository/net/jqwik/jqwik/1.5.0/jqwik-1.5.0.jar:/Users/ronikoskinen/.m2/repository/net/jqwik/jqwik-api/1.5.0/jqwik-api-1.5.0.jar:/Users/ronikoskinen/.m2/repository/net/jqwik/jqwik-web/1.5.0/jqwik-web-1.5.0.jar:/Users/ronikoskinen/.m2/repository/net/jqwik/jqwik-time/1.5.0/jqwik-time-1.5.0.jar:/Users/ronikoskinen/.m2/repository/net/jqwik/jqwik-engine/1.5.0/jqwik-engine-1.5.0.jar:"/>
    <property name="sun.cpu.endian" value="little"/>
    <property name="user.home" value="/Users/ronikoskinen"/>
    <property name="user.language" value="en"/>
    <property name="java.specification.vendor" value="Oracle Corporation"/>
    <property name="java.version.date" value="2021-01-19"/>
    <property name="java.home" value="/usr/local/Cellar/openjdk/15.0.2/libexec/openjdk.jdk/Contents/Home"/>
    <property name="file.separator" value="/"/>
    <property name="basedir" value="/Users/ronikoskinen/environments/projekti"/>
    <property name="java.vm.compressedOopsMode" value="Zero based"/>
    <property name="line.separator" value="&#10;"/>
    <property name="java.specification.name" value="Java Platform API Specification"/>
    <property name="java.vm.specification.vendor" value="Oracle Corporation"/>
    <property name="surefire.real.class.path" value="/Users/ronikoskinen/environments/projekti/target/surefire/surefirebooter12135204184350344659.jar"/>
    <property name="sun.management.compiler" value="HotSpot 64-Bit Tiered Compilers"/>
    <property name="ftp.nonProxyHosts" value="local|*.local|169.254/16|*.169.254/16"/>
    <property name="java.runtime.version" value="15.0.2+7"/>
    <property name="user.name" value="ronikoskinen"/>
    <property name="path.separator" value=":"/>
    <property name="os.version" value="11.2.3"/>
    <property name="java.runtime.name" value="OpenJDK Runtime Environment"/>
    <property name="file.encoding" value="UTF-8"/>
    <property name="java.vm.name" value="OpenJDK 64-Bit Server VM"/>
    <property name="localRepository" value="/Users/ronikoskinen/.m2/repository"/>
    <property name="java.vendor.url.bug" value="https://bugreport.java.com/bugreport/"/>
    <property name="java.io.tmpdir" value="/var/folders/c6/77m4r5nd545gqn6c3379b29h0000gn/T/"/>
    <property name="java.version" value="15.0.2"/>
    <property name="user.dir" value="/Users/ronikoskinen/environments/projekti"/>
    <property name="os.arch" value="x86_64"/>
    <property name="java.vm.specification.name" value="Java Virtual Machine Specification"/>
    <property name="java.library.path" value="/Users/ronikoskinen/Library/Java/Extensions:/Library/Java/Extensions:/Network/Library/Java/Extensions:/System/Library/Java/Extensions:/usr/lib/java:."/>
    <property name="java.vm.info" value="mixed mode, sharing"/>
    <property name="java.vendor" value="N/A"/>
    <property name="java.vm.version" value="15.0.2+7"/>
    <property name="sun.io.unicode.encoding" value="UnicodeBig"/>
    <property name="socksNonProxyHosts" value="local|*.local|169.254/16|*.169.254/16"/>
    <property name="java.class.version" value="59.0"/>
  </properties>
  <testcase name="kurssiTest" classname="opiskelijaTest" time="0.041"/>
  <testcase name="kurssejaSuoritettuTest" classname="opiskelijaTest" time="0.001"/>
  <testcase name="annaKeskiarvoTest" classname="opiskelijaTest" time="0.001"/>
</testsuite>